#
# There is insufficient memory for the Java Runtime Environment to continue.
# Native memory allocation (mmap) failed to map 266338304 bytes for G1 virtual space
# Possible reasons:
#   The system is out of physical RAM or swap space
#   The process is running with CompressedOops enabled, and the Java Heap may be blocking the growth of the native heap
# Possible solutions:
#   Reduce memory load on the system
#   Increase physical memory or swap space
#   Check if swap backing store is full
#   Decrease Java heap size (-Xmx/-Xms)
#   Decrease number of Java threads
#   Decrease Java thread stack sizes (-Xss)
#   Set larger code cache with -XX:ReservedCodeCacheSize=
#   JVM is running with Zero Based Compressed Oops mode in which the Java heap is
#     placed in the first 32GB address space. The Java Heap base address is the
#     maximum limit for the native heap growth. Please use -XX:HeapBaseMinAddress
#     to set the Java Heap base and to place the Java Heap above 32GB virtual address.
# This output file may be truncated or incomplete.
#
#  Out of Memory Error (os_windows.cpp:3535), pid=19528, tid=20628
#
# JRE version:  (17.0.4+11) (build )
# Java VM: Java HotSpot(TM) 64-Bit Server VM (17.0.4+11-LTS-179, mixed mode, sharing, tiered, compressed oops, compressed class ptrs, g1 gc, windows-amd64)
# No core dump will be written. Minidumps are not enabled by default on client versions of Windows
#

---------------  S U M M A R Y ------------

Command Line: -Dfile.encoding=UTF-8 -XX:+ShowCodeDetailsInExceptionMessages Pos.PosRunnable

Host: Intel(R) Core(TM) i5-10400F CPU @ 2.90GHz, 12 cores, 15G,  Windows 10 , 64 bit Build 19041 (10.0.19041.1806)
Time: Thu Aug 11 22:22:24 2022  Windows 10 , 64 bit Build 19041 (10.0.19041.1806) elapsed time: 0.005264 seconds (0d 0h 0m 0s)

---------------  T H R E A D  ---------------

Current thread (0x000002500638e0e0):  JavaThread "Unknown thread" [_thread_in_vm, id=20628, stack(0x000000aa8ef00000,0x000000aa8f000000)]

Stack: [0x000000aa8ef00000,0x000000aa8f000000]
Native frames: (J=compiled Java code, j=interpreted, Vv=VM code, C=native code)
V  [jvm.dll+0x6723da]
V  [jvm.dll+0x7d1f74]
V  [jvm.dll+0x7d371e]
V  [jvm.dll+0x7d3d83]
V  [jvm.dll+0x242ed5]
V  [jvm.dll+0x66f2f9]
V  [jvm.dll+0x663c42]
V  [jvm.dll+0x30103b]
V  [jvm.dll+0x3085d6]
V  [jvm.dll+0x35844e]
V  [jvm.dll+0x35867f]
V  [jvm.dll+0x2d8258]
V  [jvm.dll+0x2d91c4]
V  [jvm.dll+0x7a3a51]
V  [jvm.dll+0x3662a1]
V  [jvm.dll+0x782dcc]
V  [jvm.dll+0x3e8bff]
V  [jvm.dll+0x3ea6a1]
C  [jli.dll+0x527b]
C  [ucrtbase.dll+0x21bb2]
C  [KERNEL32.DLL+0x17034]
C  [ntdll.dll+0x52651]


---------------  P R O C E S S  ---------------

Threads class SMR info:
_java_thread_list=0x00007ff8e55fa858, length=0, elements={
}

Java Threads: ( => current thread )

Other Threads:
  0x00000250063f5870 GCTaskThread "GC Thread#0" [stack: 0x000000aa8f000000,0x000000aa8f100000] [id=13948]
  0x0000025006406d50 ConcurrentGCThread "G1 Main Marker" [stack: 0x000000aa8f100000,0x000000aa8f200000] [id=20788]
  0x0000025006407760 ConcurrentGCThread "G1 Conc#0" [stack: 0x000000aa8f200000,0x000000aa8f300000] [id=21260]

[error occurred during error reporting (printing all threads), id 0xc0000005, EXCEPTION_ACCESS_VIOLATION (0xc0000005) at pc=0x00007ff8e4e48c47]

VM state: not at safepoint (not fully initialized)

VM Mutex/Monitor currently owned by a thread:  ([mutex/lock_event])
[0x00000250063895a0] Heap_lock - owner thread: 0x000002500638e0e0

Heap address: 0x0000000702000000, size: 4064 MB, Compressed Oops mode: Zero based, Oop shift amount: 3

CDS archive(s) mapped at: [0x0000000000000000-0x0000000000000000-0x0000000000000000), size 0, SharedBaseAddress: 0x0000000800000000, ArchiveRelocationMode: 0.
Narrow klass base: 0x0000000000000000, Narrow klass shift: 0, Narrow klass range: 0x0

GC Precious Log:
<Empty>

Heap:
 garbage-first heap   total 0K, used 0K [0x0000000702000000, 0x0000000800000000)
  region size 2048K, 0 young (0K), 0 survivors (0K)

[error occurred during error reporting (printing heap information), id 0xc0000005, EXCEPTION_ACCESS_VIOLATION (0xc0000005) at pc=0x00007ff8e522b889]

GC Heap History (0 events):
No events

Deoptimization events (0 events):
No events

Classes unloaded (0 events):
No events

Classes redefined (0 events):
No events

Internal exceptions (0 events):
No events

VM Operations (0 events):
No events

Events (1 events):
Event: 0.003 Loaded shared library D:\java\bin\java.dll


Dynamic libraries:
0x00007ff71f880000 - 0x00007ff71f890000 	D:\java\bin\javaw.exe
0x00007ff924610000 - 0x00007ff924808000 	C:\Windows\SYSTEM32\ntdll.dll
0x00007ff923950000 - 0x00007ff923a0d000 	C:\Windows\System32\KERNEL32.DLL
0x00007ff922080000 - 0x00007ff92234e000 	C:\Windows\System32\KERNELBASE.dll
0x00007ff9223f0000 - 0x00007ff9224f0000 	C:\Windows\System32\ucrtbase.dll
0x00007ff903980000 - 0x00007ff903998000 	D:\java\bin\jli.dll
0x00007ff903510000 - 0x00007ff90352a000 	D:\java\bin\VCRUNTIME140.dll
0x00007ff9242b0000 - 0x00007ff92435e000 	C:\Windows\System32\ADVAPI32.dll
0x00007ff923f10000 - 0x00007ff923fae000 	C:\Windows\System32\msvcrt.dll
0x00007ff923760000 - 0x00007ff9237fc000 	C:\Windows\System32\sechost.dll
0x00007ff9227b0000 - 0x00007ff9228d5000 	C:\Windows\System32\RPCRT4.dll
0x00007ff923180000 - 0x00007ff923320000 	C:\Windows\System32\USER32.dll
0x00007ff90f810000 - 0x00007ff90faaa000 	C:\Windows\WinSxS\amd64_microsoft.windows.common-controls_6595b64144ccf1df_6.0.19041.1110_none_60b5254171f9507e\COMCTL32.dll
0x00007ff921f70000 - 0x00007ff921f92000 	C:\Windows\System32\win32u.dll
0x00007ff924200000 - 0x00007ff92422a000 	C:\Windows\System32\GDI32.dll
0x00007ff9224f0000 - 0x00007ff9225fb000 	C:\Windows\System32\gdi32full.dll
0x00007ff91b950000 - 0x00007ff91b95a000 	C:\Windows\SYSTEM32\VERSION.dll
0x00007ff922350000 - 0x00007ff9223ed000 	C:\Windows\System32\msvcp_win.dll
0x00007ff923a10000 - 0x00007ff923a40000 	C:\Windows\System32\IMM32.DLL
0x00007ff9046b0000 - 0x00007ff9046bc000 	D:\java\bin\vcruntime140_1.dll
0x00007ff903480000 - 0x00007ff90350d000 	D:\java\bin\msvcp140.dll
0x00007ff8e4b60000 - 0x00007ff8e5722000 	D:\java\bin\server\jvm.dll
0x00007ff923170000 - 0x00007ff923178000 	C:\Windows\System32\PSAPI.DLL
0x00007ff903a60000 - 0x00007ff903a69000 	C:\Windows\SYSTEM32\WSOCK32.dll
0x00007ff9177a0000 - 0x00007ff9177c7000 	C:\Windows\SYSTEM32\WINMM.dll
0x00007ff9238e0000 - 0x00007ff92394b000 	C:\Windows\System32\WS2_32.dll
0x00007ff91fc50000 - 0x00007ff91fc62000 	C:\Windows\SYSTEM32\kernel.appcore.dll
0x00007ff903970000 - 0x00007ff90397a000 	D:\java\bin\jimage.dll
0x00007ff90de00000 - 0x00007ff90dfe4000 	C:\Windows\SYSTEM32\DBGHELP.DLL
0x00007ff90b930000 - 0x00007ff90b95c000 	C:\Windows\SYSTEM32\dbgcore.DLL
0x00007ff921d80000 - 0x00007ff921e02000 	C:\Windows\System32\bcryptPrimitives.dll
0x00007ff903450000 - 0x00007ff903475000 	D:\java\bin\java.dll

dbghelp: loaded successfully - version: 4.0.5 - missing functions: none
symbol engine: initialized successfully - sym options: 0x614 - pdb path: .;D:\java\bin;C:\Windows\SYSTEM32;C:\Windows\WinSxS\amd64_microsoft.windows.common-controls_6595b64144ccf1df_6.0.19041.1110_none_60b5254171f9507e;D:\java\bin\server

VM Arguments:
jvm_args: -Dfile.encoding=UTF-8 -XX:+ShowCodeDetailsInExceptionMessages 
java_command: Pos.PosRunnable
java_class_path (initial): C:\Users\RE\Desktop\PosProject\bin
Launcher Type: SUN_STANDARD

[Global flags]
     intx CICompilerCount                          = 4                                         {product} {ergonomic}
     uint ConcGCThreads                            = 3                                         {product} {ergonomic}
     uint G1ConcRefinementThreads                  = 10                                        {product} {ergonomic}
   size_t G1HeapRegionSize                         = 2097152                                   {product} {ergonomic}
    uintx GCDrainStackTargetSize                   = 64                                        {product} {ergonomic}
   size_t InitialHeapSize                          = 266338304                                 {product} {ergonomic}
   size_t MarkStackSize                            = 4194304                                   {product} {ergonomic}
   size_t MaxHeapSize                              = 4261412864                                {product} {ergonomic}
   size_t MinHeapDeltaBytes                        = 2097152                                   {product} {ergonomic}
   size_t MinHeapSize                              = 8388608                                   {product} {ergonomic}
    uintx NonNMethodCodeHeapSize                   = 5839372                                {pd product} {ergonomic}
    uintx NonProfiledCodeHeapSize                  = 122909434                              {pd product} {ergonomic}
    uintx ProfiledCodeHeapSize                     = 122909434                              {pd product} {ergonomic}
    uintx ReservedCodeCacheSize                    = 251658240                              {pd product} {ergonomic}
     bool SegmentedCodeCache                       = true                                      {product} {ergonomic}
     bool ShowCodeDetailsInExceptionMessages       = true                                   {manageable} {command line}
   size_t SoftMaxHeapSize                          = 4261412864                             {manageable} {ergonomic}
     bool UseCompressedClassPointers               = true                           {product lp64_product} {ergonomic}
     bool UseCompressedOops                        = true                           {product lp64_product} {ergonomic}
     bool UseG1GC                                  = true                                      {product} {ergonomic}
     bool UseLargePagesIndividualAllocation        = false                                  {pd product} {ergonomic}

Logging:
Log output configuration:
 #0: stdout all=warning uptime,level,tags
 #1: stderr all=off uptime,level,tags

Environment Variables:
PATH=C:\Program Files\Common Files\Oracle\Java\javapath;C:\Windows\system32;C:\Windows;C:\Windows\System32\Wbem;C:\Windows\System32\WindowsPowerShell\v1.0\;C:\Windows\System32\OpenSSH\;C:\Users\RE\AppData\Local\Microsoft\WindowsApps;
USERNAME=RE
OS=Windows_NT
PROCESSOR_IDENTIFIER=Intel64 Family 6 Model 165 Stepping 5, GenuineIntel



---------------  S Y S T E M  ---------------

OS:
 Windows 10 , 64 bit Build 19041 (10.0.19041.1806)
OS uptime: 0 days 5:13 hours

CPU: total 12 (initial active 12) (6 cores per cpu, 2 threads per core) family 6 model 165 stepping 5 microcode 0xec, cx8, cmov, fxsr, ht, mmx, 3dnowpref, sse, sse2, sse3, ssse3, sse4.1, sse4.2, popcnt, lzcnt, tsc, tscinvbit, avx, avx2, aes, erms, clmul, bmi1, bmi2, adx, fma, vzeroupper, clflush, clflushopt

Memory: 4k page, system-wide physical 16251M (9780M free)
TotalPageFile size 46600M (AvailPageFile size 143M)
current process WorkingSet (physical memory assigned to process): 10M, peak: 10M
current process commit charge ("private bytes"): 64M, peak: 318M

vm_info: Java HotSpot(TM) 64-Bit Server VM (17.0.4+11-LTS-179) for windows-amd64 JRE (17.0.4+11-LTS-179), built on Jun 28 2022 08:23:05 by "mach5one" with MS VC++ 16.8 / 16.9 (VS2019)

END.
